INFO:root:You started your journey at 2022-12-23 14:30:53.379494
INFO:root:You chose your first item at 2022-12-23 14:31:00.509056
INFO:root:You selected all your items at 2022-12-23 14:31:17.090737
INFO:root:You chose the right direction at 2022-12-23 14:31:20.702235
INFO:root:You entered the cave at 2022-12-23 14:31:24.293210
INFO:root:You shot that b**** in the face at 2022-12-23 14:31:24.293488
INFO:root:You completed your journey at 2022-12-23 14:31:24.294404
INFO:root:You started your journey at 2023-01-03 10:37:32.917300
INFO:root:You chose your first item at 2023-01-03 10:39:32.248189
INFO:root:You started your journey at 2023-01-03 10:39:43.892008
INFO:root:You chose your first item at 2023-01-03 10:39:54.912290
INFO:root:You started your journey at 2023-01-03 10:40:04.670112
INFO:root:You chose your first item at 2023-01-03 10:40:12.516526
INFO:root:You started your journey at 2023-01-03 10:41:31.303020
INFO:root:You chose your first item at 2023-01-03 10:41:38.954330
INFO:root:You selected all your items at 2023-01-03 10:42:13.364343
INFO:root:You chose the right direction at 2023-01-03 10:43:03.248137
INFO:root:You entered the cave at 2023-01-03 10:43:54.260611
INFO:root:You got Mr. Jingles killed at 2023-01-03 10:43:54.261072
INFO:root:You completed your journey at 2023-01-03 10:43:54.261252
INFO:root:You started your journey at 2023-01-03 10:50:32.256375
INFO:root:You chose your first item at 2023-01-03 10:50:42.108945
INFO:root:You started your journey at 2023-01-03 10:50:53.103972
INFO:root:You started your journey at 2023-01-03 10:51:02.966641
INFO:root:You chose your first item at 2023-01-03 10:51:07.504555
INFO:root:You selected all your items at 2023-01-03 10:51:42.282842
INFO:root:You chose the right direction at 2023-01-03 10:51:46.258070
INFO:root:You entered the cave at 2023-01-03 10:51:48.919980
INFO:root:You got Mr. Jingles killed at 2023-01-03 10:51:48.921233
INFO:root:You completed your journey at 2023-01-03 10:51:48.921472
INFO:root:You started your journey at 2023-01-03 10:52:59.247037
INFO:root:You chose your first item at 2023-01-03 10:53:04.822266
INFO:root:You selected all your items at 2023-01-03 10:53:32.002608
INFO:root:You chose the right direction at 2023-01-03 10:53:34.578293
INFO:root:You entered the cave at 2023-01-03 10:53:36.149348
INFO:root:You shot that b**** in the face at 2023-01-03 10:53:36.149784
INFO:root:You completed your journey at 2023-01-03 10:53:36.150188
